Determining if the pthread_create exist failed with the following output:
Change Dir: /home/hyj/slam_project/svo/cmake-build-debug/CMakeFiles/CMakeTmp

Run Build Command:"/usr/bin/make" "cmTC_ec012/fast"
/usr/bin/make -f CMakeFiles/cmTC_ec012.dir/build.make CMakeFiles/cmTC_ec012.dir/build
make[1]: 正在进入目录 `/home/hyj/slam_project/svo/cmake-build-debug/CMakeFiles/CMakeTmp'
Building C object CMakeFiles/cmTC_ec012.dir/CheckSymbolExists.c.o
/usr/bin/cc     -o CMakeFiles/cmTC_ec012.dir/CheckSymbolExists.c.o   -c /home/hyj/slam_project/svo/cmake-build-debug/CMakeFiles/CMakeTmp/CheckSymbolExists.c
Linking C executable cmTC_ec012
/home/hyj/QT/clion-2017.1.2/bin/cmake/bin/cmake -E cmake_link_script CMakeFiles/cmTC_ec012.dir/link.txt --verbose=1
/usr/bin/cc       CMakeFiles/cmTC_ec012.dir/CheckSymbolExists.c.o  -o cmTC_ec012 -rdynamic 
CMakeFiles/cmTC_ec012.dir/CheckSymbolExists.c.o：在函数‘main’中：
CheckSymbolExists.c:(.text+0x16)：对‘pthread_create’未定义的引用
collect2: error: ld returned 1 exit status
make[1]: *** [cmTC_ec012] 错误 1
make[1]:正在离开目录 `/home/hyj/slam_project/svo/cmake-build-debug/CMakeFiles/CMakeTmp'
make: *** [cmTC_ec012/fast] 错误 2

File /home/hyj/slam_project/svo/cmake-build-debug/CMakeFiles/CMakeTmp/CheckSymbolExists.c:
/* */
#include <pthread.h>

int main(int argc, char** argv)
{
  (void)argv;
#ifndef pthread_create
  return ((int*)(&pthread_create))[argc];
#else
  (void)argc;
  return 0;
#endif
}

Determining if the function pthread_create exists in the pthreads failed with the following output:
Change Dir: /home/hyj/slam_project/svo/cmake-build-debug/CMakeFiles/CMakeTmp

Run Build Command:"/usr/bin/make" "cmTC_19c37/fast"
/usr/bin/make -f CMakeFiles/cmTC_19c37.dir/build.make CMakeFiles/cmTC_19c37.dir/build
make[1]: 正在进入目录 `/home/hyj/slam_project/svo/cmake-build-debug/CMakeFiles/CMakeTmp'
Building C object CMakeFiles/cmTC_19c37.dir/CheckFunctionExists.c.o
/usr/bin/cc    -DCHECK_FUNCTION_EXISTS=pthread_create   -o CMakeFiles/cmTC_19c37.dir/CheckFunctionExists.c.o   -c /home/hyj/QT/clion-2017.1.2/bin/cmake/share/cmake-3.7/Modules/CheckFunctionExists.c
Linking C executable cmTC_19c37
/home/hyj/QT/clion-2017.1.2/bin/cmake/bin/cmake -E cmake_link_script CMakeFiles/cmTC_19c37.dir/link.txt --verbose=1
/usr/bin/cc   -DCHECK_FUNCTION_EXISTS=pthread_create    CMakeFiles/cmTC_19c37.dir/CheckFunctionExists.c.o  -o cmTC_19c37 -rdynamic -lpthreads 
/usr/bin/ld: cannot find -lpthreads
collect2: error: ld returned 1 exit status
make[1]: *** [cmTC_19c37] 错误 1
make[1]:正在离开目录 `/home/hyj/slam_project/svo/cmake-build-debug/CMakeFiles/CMakeTmp'
make: *** [cmTC_19c37/fast] 错误 2


